<?xml version="1.0" encoding="UTF-8"?>
<!-- Generated by org.testng.reporters.JUnitReportReporter -->
<testsuite skipped="0" hostname="Machine" name="com.w2.testcases.LoginTest" tests="1" failures="0" timestamp="29 Jun 2018 17:42:36 GMT" time="9.651" errors="0">
  <testcase name="loginTest" time="9.651" classname="com.w2.testcases.LoginTest"/>
</testsuite> <!-- com.w2.testcases.LoginTest -->
