<?xml version="1.0" encoding="UTF-8"?>
<!-- Generated by org.testng.reporters.JUnitReportReporter -->
<testsuite skipped="0" hostname="Machine" name="com.w2.testcases.LoginTest" tests="1" failures="0" timestamp="02 Jul 2018 02:34:44 GMT" time="4.924" errors="0">
  <testcase name="loginTest" time="4.924" classname="com.w2.testcases.LoginTest"/>
</testsuite> <!-- com.w2.testcases.LoginTest -->
